****** SAMPLE:     anorth ******
     Spherical diffusion geometry
  
 *** Arrhenius regression results: ***
    Using steps  1 to  3:
    E = 43.53 ±  0.65 kcal/mol
    Log10D/Ro^2 =   3.019 ± 0.143
    Unweighted regression
  
  
 *** Intermediate results, search for best domain distribution: ***
    # domains = 10   Isteps = 18   nc =  0   chiq =    0.5604E-02
    # domains = 10   Isteps =  8   nc =  0   chiq =    0.5860E-02
    # domains = 10   Isteps = 19   nc =  0   chiq =    0.7429E-02
    # domains = 10   Isteps = 11   nc =  0   chiq =    0.5209E-02
    # domains = 10   Isteps =  7   nc =  0   chiq =    0.5182E-02
    # domains =  9   Isteps = 13   nc =  0   chiq =    0.5301E-02
    # domains =  9   Isteps =  6   nc =  0   chiq =    0.5968E-02
    # domains =  9   Isteps = 15   nc =  0   chiq =    0.6255E-02
    # domains =  9   Isteps =  9   nc =  0   chiq =    0.5221E-02
    # domains =  9   Isteps =  7   nc =  0   chiq =    0.5499E-02
    # domains =  8   Isteps = 19   nc =  0   chiq =    0.5237E-02
    # domains =  8   Isteps = 13   nc =  0   chiq =    0.5327E-02
    # domains =  8   Isteps = 10   nc =  0   chiq =    0.7829E-02
    # domains =  8   Isteps =  6   nc =  0   chiq =    0.5158E-02
    # domains =  8   Isteps = 10   nc =  0   chiq =    0.5081E-02
    # domains =  7   Isteps =  8   nc =  0   chiq =    0.6064E-02
    # domains =  7   Isteps =  6   nc =  0   chiq =    0.5930E-02
    # domains =  7   Isteps = 17   nc =  0   chiq =    0.5317E-02
    # domains =  7   Isteps =  8   nc =  0   chiq =    0.5566E-02
    # domains =  7   Isteps =  8   nc =  0   chiq =    0.6199E-02
    # domains =  6   Isteps = 11   nc =  0   chiq =    0.5498E-02
    # domains =  6   Isteps = 10   nc =  0   chiq =    0.6028E-02
    # domains =  6   Isteps = 25   nc =  0   chiq =    0.5347E-02
    # domains =  6   Isteps =  9   nc =  0   chiq =    0.5428E-02
    # domains =  6   Isteps = 16   nc =  0   chiq =    0.6935E-02
    # domains =  5   Isteps =  7   nc =  0   chiq =    0.5902E-02
    # domains =  5   Isteps =  7   nc =  0   chiq =    0.1549    
    # domains =  5   Isteps =  9   nc =  0   chiq =    0.5945E-02
    # domains =  5   Isteps =  6   nc =  0   chiq =    0.5015E-02
    # domains =  5   Isteps = 25   nc =  0   chiq =    0.1243E-01
    # domains =  4   Isteps = 11   nc =  0   chiq =    0.6713E-02
    # domains =  4   Isteps = 73   nc =  0   chiq =    0.6834E-02
    # domains =  4   Isteps = 10   nc =  0   chiq =    0.6398E-02
    # domains =  4   Isteps =  8   nc =  0   chiq =    0.6151E-02
    # domains =  4   Isteps =  6   nc =  0   chiq =    0.6106E-02
    # domains =  3   Isteps = 15   nc =  0   chiq =    0.1681E-01
    # domains =  3   Isteps = 13   nc =  0   chiq =    0.3356    
    # domains =  3   Isteps =  8   nc =  0   chiq =    0.2971E-01
    # domains =  3   Isteps = 11   nc =  0   chiq =    0.6347E-02
    # domains =  3   Isteps = 10   nc =  0   chiq =    0.2926E-01
  
 Lowest chi-square:  5.015E-03
  
 ******** Domain Parameters for Arvert ********
 -------------------------------------------------   ------------
 Domain    Volume Frac.    Size(Rmax)     Size(Ro)   Tc(10C/m.y.)
 -------------------------------------------------   ------------
    1         0.1580         0.1021        0.2791        217.4
    2         0.1642         0.2747        0.7509        239.1
    3         0.1988         0.7054        1.9282        261.5
    4         0.0657         0.9185        2.5105        268.2
    5         0.4134         1.0000        2.7334        270.4
