 1	 8	  6.354	 6.606	 -6.369	 1.857
 1	 9	 12.120	 6.482	 -4.713	 1.810
 1	10	 14.845	 5.931	 -3.931	 1.646
 1	11	 19.015	 5.614	 -2.746	 1.548
 1	12	 21.200	 5.166	 -2.125	 1.416
 1	13	 25.077	 4.849	 -1.037	 1.320
 1	14	 26.582	 4.365	 -0.614	 1.181
 1	15	 28.454	 3.962	 -0.093	 1.065
 1	16	 29.302	 3.597	  0.144	 0.961
 1	17	 30.633	 3.252	  0.511	 0.863
 1	18	 30.909	 2.938	  0.587	 0.775
 1	19	 31.269	 2.625	  0.685	 0.687
 1	20	 31.036	 2.392	  0.621	 0.623
 1	21	 30.978	 2.158	  0.606	 0.558
 1	22	 30.969	 1.938	  0.603	 0.497
 1	23	 31.076	 1.731	  0.632	 0.441
 1	24	 31.270	 1.547	  0.683	 0.391
 1	25	 31.234	 1.383	  0.674	 0.346
 1	26	 30.930	 1.251	  0.594	 0.310
 1	27	 30.354	 1.163	  0.444	 0.286
 1	28	 29.567	 1.123	  0.240	 0.274
 1	29	 28.697	 1.117	  0.016	 0.270
 1	30	 27.889	 1.112	 -0.192	 0.266
 2	 9	 27.581	 4.897	 -0.489	 1.352
 2	10	 29.198	 4.174	 -0.034	 1.146
 2	11	 32.119	 3.686	  0.781	 1.006
 2	12	 33.326	 3.238	  1.118	 0.879
 2	13	 35.864	 2.896	  1.819	 0.780
 2	14	 36.227	 2.489	  1.919	 0.667
 2	15	 37.024	 2.161	  2.138	 0.575
 2	16	 37.080	 1.908	  2.153	 0.505
 2	17	 37.504	 1.661	  2.268	 0.436
 2	18	 37.053	 1.505	  2.146	 0.393
 2	19	 36.620	 1.341	  2.029	 0.348
 2	20	 35.783	 1.311	  1.804	 0.338
 2	21	 35.130	 1.223	  1.629	 0.313
 2	22	 34.574	 1.123	  1.482	 0.286
 2	23	 34.179	 1.009	  1.378	 0.255
 2	24	 33.949	 0.897	  1.318	 0.224
 2	25	 33.532	 0.818	  1.209	 0.203
 2	26	 32.890	 0.787	  1.043	 0.193
 2	27	 32.015	 0.817	  0.818	 0.199
 2	28	 30.966	 0.892	  0.550	 0.215
 2	29	 29.881	 0.975	  0.273	 0.233
 2	30	 28.903	 1.027	  0.025	 0.243
 3	10	 36.562	 3.018	  1.949	 0.823
 3	11	 38.445	 2.489	  2.469	 0.674
 3	12	 39.008	 2.103	  2.624	 0.567
 3	13	 40.687	 1.816	  3.083	 0.486
 3	14	 40.366	 1.540	  2.995	 0.409
 3	15	 40.577	 1.289	  3.053	 0.341
 3	16	 40.220	 1.149	  2.956	 0.302
 3	17	 40.192	 0.976	  2.948	 0.255
 3	18	 39.366	 0.999	  2.726	 0.259
 3	19	 38.536	 0.972	  2.505	 0.250
 3	20	 37.392	 1.111	  2.200	 0.284
 3	21	 36.457	 1.104	  1.953	 0.281
 3	22	 35.660	 1.054	  1.743	 0.266
 3	23	 35.064	 0.965	  1.588	 0.241
 3	24	 34.682	 0.863	  1.489	 0.214
 3	25	 34.124	 0.801	  1.345	 0.197
 3	26	 33.353	 0.793	  1.148	 0.193
 3	27	 32.357	 0.848	  0.894	 0.205
 3	28	 31.200	 0.942	  0.601	 0.225
 3	29	 30.023	 1.036	  0.304	 0.246
 3	30	 28.976	 1.092	  0.040	 0.256
 4	11	 41.740	 1.397	  3.340	 0.376
 4	12	 41.939	 1.153	  3.395	 0.309
 4	13	 43.107	 1.034	  3.712	 0.275
 4	14	 42.383	 0.970	  3.515	 0.256
 4	15	 42.270	 0.800	  3.484	 0.210
 4	16	 41.682	 0.794	  3.326	 0.207
 4	17	 41.409	 0.682	  3.253	 0.177
 4	18	 40.362	 0.883	  2.974	 0.228
 4	19	 39.301	 0.946	  2.693	 0.242
 4	20	 37.971	 1.170	  2.341	 0.297
 4	21	 36.876	 1.187	  2.054	 0.300
 4	22	 35.951	 1.141	  1.812	 0.286
 4	23	 35.261	 1.044	  1.634	 0.259
 4	24	 34.821	 0.930	  1.521	 0.229
 4	25	 34.204	 0.861	  1.363	 0.210
 4	26	 33.372	 0.851	  1.152	 0.206
 4	27	 32.314	 0.905	  0.885	 0.217
 4	28	 31.097	 1.000	  0.579	 0.237
 4	29	 29.870	 1.095	  0.271	 0.257
 4	30	 28.784	 1.148	  0.001	 0.267
 5	12	 43.475	 1.212	  3.798	 0.322
 5	13	 44.467	 0.967	  4.065	 0.255
 5	14	 43.313	 1.057	  3.755	 0.277
 5	15	 42.974	 0.866	  3.664	 0.226
 5	16	 42.178	 0.906	  3.452	 0.235
 5	17	 41.757	 0.777	  3.340	 0.200
 5	18	 40.493	 1.031	  3.006	 0.264
 5	19	 39.243	 1.092	  2.678	 0.277
 5	20	 37.734	 1.331	  2.283	 0.336
 5	21	 36.525	 1.328	  1.969	 0.333
 5	22	 35.537	 1.253	  1.714	 0.312
 5	23	 34.837	 1.126	  1.535	 0.278
 5	24	 34.420	 0.989	  1.429	 0.242
 5	25	 33.809	 0.903	  1.274	 0.219
 5	26	 32.965	 0.881	  1.062	 0.211
 5	27	 31.881	 0.930	  0.790	 0.221
 5	28	 30.632	 1.025	  0.479	 0.241
 5	29	 29.375	 1.120	  0.167	 0.261
 5	30	 28.270	 1.172	 -0.105	 0.270
 6	13	 45.387	 0.878	  4.301	 0.230
 6	14	 43.918	 1.173	  3.909	 0.306
 6	15	 43.407	 0.964	  3.773	 0.250
 6	16	 42.461	 1.039	  3.523	 0.268
 6	17	 41.931	 0.887	  3.383	 0.227
 6	18	 40.504	 1.181	  3.009	 0.300
 6	19	 39.110	 1.233	  2.646	 0.311
 6	20	 37.464	 1.486	  2.218	 0.373
 6	21	 36.169	 1.461	  1.884	 0.364
 6	22	 35.140	 1.359	  1.620	 0.336
 6	23	 34.443	 1.204	  1.443	 0.295
 6	24	 34.057	 1.045	  1.346	 0.254
 6	25	 33.457	 0.942	  1.195	 0.226
 6	26	 32.606	 0.911	  0.983	 0.217
 6	27	 31.502	 0.956	  0.709	 0.225
 6	28	 30.226	 1.051	  0.394	 0.245
 6	29	 28.943	 1.148	  0.078	 0.265
 6	30	 27.821	 1.199	 -0.196	 0.274
 7	14	 43.493	 1.529	  3.801	 0.396
 7	15	 42.957	 1.191	  3.660	 0.306
 7	16	 41.864	 1.240	  3.373	 0.317
 7	17	 41.360	 1.010	  3.242	 0.256
 7	18	 39.749	 1.329	  2.823	 0.335
 7	19	 38.255	 1.340	  2.438	 0.335
 7	20	 36.462	 1.607	  1.976	 0.400
 7	21	 35.134	 1.543	  1.637	 0.381
 7	22	 34.140	 1.400	  1.385	 0.343
 7	23	 33.541	 1.211	  1.234	 0.294
 7	24	 33.276	 1.032	  1.168	 0.248
 7	25	 32.750	 0.914	  1.037	 0.218
 7	26	 31.935	 0.876	  0.836	 0.207
 7	27	 30.839	 0.925	  0.566	 0.216
 7	28	 29.555	 1.029	  0.252	 0.238
 7	29	 28.260	 1.134	 -0.063	 0.260
 7	30	 27.134	 1.189	 -0.336	 0.269
 8	15	 43.567	 1.351	  3.812	 0.345
 8	16	 42.255	 1.460	  3.470	 0.371
 8	17	 41.590	 1.178	  3.298	 0.297
 8	18	 39.755	 1.552	  2.824	 0.389
 8	19	 38.075	 1.537	  2.395	 0.382
 8	20	 36.108	 1.818	  1.892	 0.449
 8	21	 34.689	 1.715	  1.532	 0.421
 8	22	 33.667	 1.529	  1.275	 0.372
 8	23	 33.099	 1.302	  1.133	 0.314
 8	24	 32.891	 1.096	  1.081	 0.262
 8	25	 32.389	 0.958	  0.957	 0.227
 8	26	 31.572	 0.907	  0.757	 0.212
 8	27	 30.456	 0.953	  0.485	 0.221
 8	28	 29.143	 1.058	  0.167	 0.242
 8	29	 27.820	 1.166	 -0.153	 0.264
 8	30	 26.676	 1.220	 -0.428	 0.274
 9	16	 41.181	 1.786	  3.203	 0.451
 9	17	 40.654	 1.344	  3.068	 0.337
 9	18	 38.566	 1.758	  2.535	 0.437
 9	19	 36.811	 1.655	  2.090	 0.409
 9	20	 34.670	 1.956	  1.548	 0.480
 9	21	 33.271	 1.785	  1.197	 0.435
 9	22	 32.368	 1.541	  0.972	 0.372
 9	23	 31.995	 1.276	  0.880	 0.305
 9	24	 31.984	 1.056	  0.877	 0.250
 9	25	 31.598	 0.904	  0.783	 0.212
 9	26	 30.838	 0.848	  0.598	 0.197
 9	27	 29.738	 0.902	  0.333	 0.207
 9	28	 28.421	 1.023	  0.017	 0.232
 9	29	 27.088	 1.144	 -0.302	 0.257
 9	30	 25.940	 1.203	 -0.575	 0.267
10	17	 40.388	 1.629	  3.004	 0.405
10	18	 38.054	 2.081	  2.411	 0.514
10	19	 36.166	 1.888	  1.937	 0.463
10	20	 33.846	 2.200	  1.353	 0.536
10	21	 32.420	 1.957	  0.998	 0.473
10	22	 31.578	 1.650	  0.790	 0.396
10	23	 31.332	 1.340	  0.730	 0.318
10	24	 31.454	 1.098	  0.759	 0.258
10	25	 31.133	 0.925	  0.682	 0.215
10	26	 30.393	 0.857	  0.503	 0.197
10	27	 29.283	 0.912	  0.238	 0.208
10	28	 27.941	 1.040	 -0.082	 0.234
10	29	 26.582	 1.167	 -0.404	 0.260
10	30	 25.419	 1.228	 -0.678	 0.270
11	18	 36.336	 2.501	  1.996	 0.613
11	19	 34.436	 2.083	  1.524	 0.507
11	20	 31.870	 2.408	  0.886	 0.582
11	21	 30.573	 2.038	  0.566	 0.489
11	22	 30.001	 1.645	  0.426	 0.391
11	23	 30.101	 1.303	  0.451	 0.307
11	24	 30.520	 1.064	  0.552	 0.248
11	25	 30.353	 0.876	  0.512	 0.202
11	26	 29.679	 0.799	  0.351	 0.182
11	27	 28.582	 0.866	  0.091	 0.195
11	28	 27.227	 1.013	 -0.228	 0.226
11	29	 25.849	 1.155	 -0.551	 0.254
11	30	 24.677	 1.221	 -0.824	 0.266
12	19	 33.724	 2.522	  1.356	 0.609
12	20	 30.856	 2.837	  0.648	 0.681
12	21	 29.574	 2.315	  0.335	 0.551
12	22	 29.157	 1.815	  0.234	 0.428
12	23	 29.480	 1.416	  0.311	 0.331
12	24	 30.088	 1.153	  0.457	 0.266
12	25	 29.994	 0.936	  0.434	 0.214
12	26	 29.327	 0.839	  0.277	 0.189
12	27	 28.201	 0.902	  0.013	 0.201
12	28	 26.803	 1.054	 -0.313	 0.233
12	29	 25.382	 1.203	 -0.643	 0.262
12	30	 24.184	 1.267	 -0.919	 0.273
13	20	 27.560	 3.258	 -0.125	 0.775
13	21	 26.834	 2.437	 -0.300	 0.575
13	22	 27.125	 1.820	 -0.230	 0.426
13	23	 28.126	 1.428	  0.008	 0.331
13	24	 29.200	 1.196	  0.262	 0.274
13	25	 29.300	 0.953	  0.285	 0.216
13	26	 28.693	 0.831	  0.143	 0.186
13	27	 27.557	 0.895	 -0.120	 0.198
13	28	 26.122	 1.062	 -0.451	 0.232
13	29	 24.661	 1.222	 -0.785	 0.263
13	30	 23.441	 1.288	 -1.064	 0.274
14	21	 27.298	 2.923	 -0.194	 0.686
14	22	 27.496	 2.125	 -0.147	 0.494
14	23	 28.501	 1.616	  0.091	 0.371
14	24	 29.582	 1.316	  0.344	 0.299
14	25	 29.607	 1.034	  0.350	 0.232
14	26	 28.896	 0.907	  0.185	 0.201
14	27	 27.647	 0.985	 -0.102	 0.216
14	28	 26.104	 1.166	 -0.454	 0.252
14	29	 24.553	 1.333	 -0.806	 0.284
14	30	 23.271	 1.396	 -1.096	 0.294
15	22	 25.871	 2.386	 -0.513	 0.550
15	23	 27.614	 1.837	 -0.105	 0.418
15	24	 29.116	 1.511	  0.244	 0.340
15	25	 29.259	 1.165	  0.277	 0.259
15	26	 28.541	 0.997	  0.112	 0.219
15	27	 27.230	 1.063	 -0.186	 0.230
15	28	 25.607	 1.247	 -0.552	 0.266
15	29	 23.986	 1.418	 -0.916	 0.299
15	30	 22.660	 1.476	 -1.212	 0.307
16	23	 28.177	 2.152	  0.018	 0.486
16	24	 29.693	 1.696	  0.367	 0.378
16	25	 29.711	 1.283	  0.371	 0.282
16	26	 28.834	 1.107	  0.172	 0.240
16	27	 27.358	 1.195	 -0.160	 0.256
16	28	 25.582	 1.396	 -0.557	 0.295
16	29	 23.839	 1.574	 -0.944	 0.328
16	30	 22.429	 1.625	 -1.255	 0.335
17	24	 29.774	 2.129	  0.384	 0.469
17	25	 29.773	 1.558	  0.384	 0.339
17	26	 28.748	 1.313	  0.154	 0.281
17	27	 27.089	 1.381	 -0.214	 0.292
17	28	 25.140	 1.576	 -0.643	 0.329
17	29	 23.257	 1.748	 -1.055	 0.360
17	30	 21.763	 1.781	 -1.380	 0.362
18	25	 31.230	 1.186	  0.681	 0.255
18	26	 29.788	 1.190	  0.362	 0.252
18	27	 27.780	 1.470	 -0.079	 0.307
18	28	 25.542	 1.769	 -0.566	 0.364
18	29	 23.442	 1.978	 -1.021	 0.402
18	30	 21.799	 2.009	 -1.374	 0.403
19	26	 29.984	 1.472	  0.401	 0.308
19	27	 27.603	 1.782	 -0.114	 0.367
19	28	 25.057	 2.081	 -0.659	 0.422
19	29	 22.731	 2.274	 -1.154	 0.455
19	30	 20.955	 2.268	 -1.529	 0.448
20	27	 27.984	 2.132	 -0.041	 0.433
20	28	 25.051	 2.483	 -0.660	 0.497
20	29	 22.445	 2.672	 -1.207	 0.527
20	30	 20.493	 2.627	 -1.613	 0.511
21	28	 22.969	 2.834	 -1.051	 0.557
21	29	 20.122	 2.970	 -1.635	 0.575
21	30	 18.086	 2.844	 -2.049	 0.543
22	29	 17.246	 3.322	 -2.159	 0.631
22	30	 15.162	 3.069	 -2.573	 0.575
23	30	 10.838	 2.950	 -3.340	 0.542
